GET /api/user/get-all-approved-doctors 304 - - 257.265 ms
POST /api/user/get-user-info-by-id 200 288 - 242.234 ms
GET /api/user/get-appointments-by-user-id 304 - - 225.609 ms
POST /api/user/login 200 49 - 252.151 ms
POST /api/user/login 200 49 - 325.093 ms
POST /api/user/login 200 49 - 277.486 ms
POST /api/user/login 200 226 - 382.328 ms
GET /api/user/get-all-approved-doctors 304 - - 219.449 ms
POST /api/user/get-user-info-by-id 200 288 - 224.360 ms
POST /api/user/get-user-info-by-id 200 288 - 314.988 ms
GET /api/user/get-all-approved-doctors 200 492 - 323.137 ms
POST /api/user/login 200 226 - 356.496 ms
GET /api/user/get-all-approved-doctors 304 - - 224.811 ms
POST /api/user/get-user-info-by-id 200 286 - 262.741 ms
GET /api/user/get-all-approved-doctors 200 492 - 271.475 ms
POST /api/user/apply-doctor-account 200 64 - 785.931 ms
GET /api/user/get-all-approved-doctors 304 - - 249.566 ms
POST /api/user/login 200 226 - 415.709 ms
GET /api/user/get-all-approved-doctors 304 - - 225.644 ms
GET /api/user/get-all-approved-doctors 200 492 - 294.376 ms
POST /api/user/get-user-info-by-id 200 1954 - 293.612 ms
GET /api/admin/get-all-doctors 200 3589 - 258.234 ms
PUT /api/admin/change-account-doctor-status 200 496 - 796.382 ms
GET /api/admin/get-all-doctors 200 3588 - 301.348 ms
POST /api/user/login 200 226 - 370.928 ms
GET /api/user/get-all-approved-doctors 200 67 - 220.367 ms
GET /api/user/get-all-approved-doctors 200 67 - 218.538 ms
POST /api/user/get-user-info-by-id 200 288 - 221.941 ms
POST /api/user/login 200 226 - 371.828 ms
GET /api/user/get-all-approved-doctors 304 - - 221.940 ms
POST /api/user/get-user-info-by-id 200 286 - 304.424 ms
GET /api/user/get-all-approved-doctors 200 67 - 310.393 ms
GET /api/user/get-appointments-by-user-id 304 - - 248.244 ms
POST /api/user/login 200 49 - 286.604 ms
POST /api/user/login 200 49 - 220.044 ms
POST /api/user/login 200 49 - 219.726 ms
POST /api/user/register 200 54 - 641.542 ms
POST /api/user/login 200 226 - 394.516 ms
GET /api/user/get-all-approved-doctors 304 - - 220.399 ms
GET /api/user/get-all-approved-doctors 200 67 - 324.588 ms
POST /api/user/get-user-info-by-id 200 285 - 324.433 ms
POST /api/user/apply-doctor-account 200 64 - 1007.071 ms
GET /api/user/get-all-approved-doctors 304 - - 277.377 ms
POST /api/user/login 200 226 - 467.359 ms
GET /api/user/get-all-approved-doctors 304 - - 221.746 ms
GET /api/user/get-all-approved-doctors 200 67 - 217.735 ms
POST /api/user/get-user-info-by-id 200 2171 - 224.408 ms
GET /api/admin/get-all-doctors 200 4064 - 238.582 ms
PUT /api/admin/change-account-doctor-status 200 497 - 715.421 ms
GET /api/admin/get-all-doctors 200 4065 - 334.559 ms
PUT /api/admin/change-account-doctor-status 200 503 - 923.436 ms
GET /api/admin/get-all-doctors 200 4066 - 228.404 ms
PUT /api/admin/change-account-doctor-status 200 507 - 861.522 ms
GET /api/admin/get-all-doctors 200 4067 - 227.782 ms
PUT /api/admin/change-account-doctor-status 200 498 - 672.062 ms
GET /api/admin/get-all-doctors 200 4068 - 322.474 ms
PUT /api/admin/change-account-doctor-status 200 531 - 866.695 ms
GET /api/admin/get-all-doctors 200 4069 - 300.622 ms
PUT /api/admin/change-account-doctor-status 200 522 - 801.984 ms
GET /api/admin/get-all-doctors 200 4070 - 301.243 ms
PUT /api/admin/change-account-doctor-status 200 529 - 698.013 ms
GET /api/admin/get-all-doctors 200 4071 - 224.965 ms
PUT /api/admin/change-account-doctor-status 200 546 - 815.616 ms
GET /api/admin/get-all-doctors 200 4072 - 232.690 ms
PUT /api/admin/change-account-doctor-status 200 495 - 744.765 ms
GET /api/admin/get-all-doctors 200 4073 - 259.949 ms
POST /api/user/login 200 226 - 391.265 ms
GET /api/user/get-all-approved-doctors 200 4073 - 225.949 ms
GET /api/user/get-all-approved-doctors 200 4073 - 234.746 ms
POST /api/user/get-user-info-by-id 200 405 - 234.327 ms
GET /api/doctor/get-appointments-by-doctor-id 500 68 - 225.194 ms
POST /api/user/login 200 226 - 397.766 ms
GET /api/user/get-all-approved-doctors 304 - - 282.765 ms
GET /api/user/get-all-approved-doctors 200 4073 - 223.001 ms
POST /api/user/get-user-info-by-id 200 998 - 222.829 ms
POST /api/user/login 200 226 - 402.018 ms
GET /api/user/get-all-approved-doctors 304 - - 227.643 ms
GET /api/user/get-all-approved-doctors 200 4073 - 231.211 ms
POST /api/user/get-user-info-by-id 200 999 - 229.907 ms
GET /api/user/get-all-approved-doctors 304 - - 221.680 ms
POST /api/user/login 200 226 - 442.252 ms
GET /api/user/get-all-approved-doctors 304 - - 226.289 ms
GET /api/user/get-all-approved-doctors 200 4073 - 308.906 ms
POST /api/user/get-user-info-by-id 200 405 - 311.002 ms
GET /api/user/get-all-approved-doctors 304 - - 284.651 ms
GET /api/user/get-all-approved-doctors 200 4073 - 228.421 ms
POST /api/user/get-user-info-by-id 200 405 - 226.317 ms
POST /api/doctor/get-doctor-info-by-user-id 200 521 - 233.967 ms
POST /api/user/login 200 226 - 389.322 ms
GET /api/user/get-all-approved-doctors 304 - - 243.868 ms
GET /api/user/get-all-approved-doctors 200 4073 - 224.720 ms
POST /api/user/get-user-info-by-id 200 999 - 224.934 ms
POST /api/doctor/get-doctor-info-by-id 200 521 - 224.098 ms
POST /api/user/check-booking-availability 200 51 - 237.898 ms
POST /api/user/book-appointment 200 60 - 784.027 ms
GET /api/user/get-appointments-by-user-id 200 1806 - 291.071 ms
POST /api/user/login 200 226 - 477.186 ms
GET /api/user/get-all-approved-doctors 304 - - 227.022 ms
GET /api/user/get-all-approved-doctors 200 4073 - 226.930 ms
POST /api/user/get-user-info-by-id 200 538 - 228.125 ms
GET /api/doctor/get-appointments-by-doctor-id 500 68 - 231.810 ms
GET /api/user/get-all-approved-doctors 304 - - 221.321 ms
GET /api/doctor/get-appointments-by-doctor-id 500 68 - 219.340 ms
POST /api/doctor/get-doctor-info-by-user-id 200 521 - 217.079 ms
GET /api/doctor/get-appointments-by-doctor-id 500 68 - 217.333 ms
GET /api/user/get-all-approved-doctors 304 - - 220.976 ms
POST /api/doctor/get-doctor-info-by-user-id 200 521 - 217.680 ms
GET /api/doctor/get-appointments-by-doctor-id 500 68 - 217.687 ms
POST /api/user/login 200 226 - 396.682 ms
GET /api/user/get-all-approved-doctors 304 - - 225.466 ms
GET /api/user/get-all-approved-doctors 200 4073 - 228.698 ms
POST /api/user/get-user-info-by-id 200 999 - 228.087 ms
GET /api/user/get-appointments-by-user-id 304 - - 221.165 ms
GET /api/doctor/IdDoctorPhoneDate%20&%20TimeStatus%20644ad85d4ae42873807ab55a 404 215 - 3.558 ms
GET /api/doctor/644ad85d4ae42873807ab55a 404 174 - 1.414 ms
GET /api/doctor/644ad85d4ae42873807ab55a 404 174 - 0.562 ms
GET /api/admin/get-all-doctora 404 164 - 7.044 ms
GET /api/admin/get-all-doctors 200 4073 - 375.093 ms
GET /favicon.ico 404 150 - 0.933 ms
GET /api/admin/get-all-doctors 304 - - 313.868 ms
GET /api/admin/get-all-doctors 304 - - 257.054 ms
GET /api/doctor/get-all-doctors 404 165 - 5.553 ms
GET /api/admin/get-all-doctors 304 - - 281.626 ms
