POST /api/user/login 200 226 - 578.889 ms
GET /api/user/get-all-approved-doctors 200 4073 - 343.441 ms
POST /api/user/get-user-info-by-id 200 2171 - 340.752 ms
GET /api/user/get-all-approved-doctors 200 4073 - 266.310 ms
POST /api/user/get-user-info-by-id 200 2171 - 268.767 ms
GET /api/admin/get-all-doctors 200 4073 - 236.684 ms
POST /api/user/get-user-info-by-id 200 2171 - 235.270 ms
GET /api/admin/get-all-users 200 6605 - 243.032 ms
GET /api/admin/get-all-users 304 - - 496.907 ms
GET /api/admin/get-all-doctors 304 - - 242.341 ms
GET /api/admin/get-all-users 304 - - 232.995 ms
POST /api/user/get-user-info-by-id 200 2171 - 2245.017 ms
GET /api/admin/get-all-users 304 - - 248.951 ms
GET /api/admin/get-all-users 304 - - 316.523 ms
POST /api/user/get-user-info-by-id 200 2171 - 3252.780 ms
GET /api/admin/get-all-users 404 162 - 2.884 ms
GET /api/admin/get-all-doctors 404 164 - 1.643 ms
POST /api/user/get-user-info-by-id 200 2171 - 821.081 ms
GET /api/admin/get-all-doctors 200 4073 - 1108.044 ms
GET /api/admin/get-all-users 200 6605 - 425.481 ms
POST /api/user/get-user-info-by-id 200 2171 - 394.678 ms
GET /api/admin/get-all-users 304 - - 340.090 ms
